<?xml version="1.0" encoding="UTF-8"?>
<!-- Generated by org.testng.reporters.JUnitReportReporter -->
<testsuite hostname="LTIN511242" failures="0" tests="5" name="RentalApi.endToEnd" time="12.275" errors="0" timestamp="2024-07-22T11:14:29 IST" skipped="0">
  <testcase classname="RentalApi.endToEnd" name="register" time="4.529"/>
  <system-out/>
  <testcase classname="RentalApi.endToEnd" name="creatingOrder" time="1.393"/>
  <system-out/>
  <testcase classname="RentalApi.endToEnd" name="gettingOrder" time="1.277"/>
  <system-out/>
  <testcase classname="RentalApi.endToEnd" name="updatingOrder" time="2.541"/>
  <system-out/>
  <testcase classname="RentalApi.endToEnd" name="deletingOrder" time="2.535"/>
  <system-out/>
</testsuite> <!-- RentalApi.endToEnd -->
