<?xml version="1.0" encoding="UTF-8"?>
<!-- Generated by org.testng.reporters.JUnitReportReporter -->
<testsuite hostname="LTIN511242" failures="0" tests="1" name="SecondApi.getBook" time="4.705" errors="0" timestamp="2024-07-15T11:08:37 IST" skipped="0">
  <testcase classname="SecondApi.getBook" name="getBookDetails" time="4.705"/>
  <system-out/>
</testsuite> <!-- SecondApi.getBook -->
