<?xml version="1.0" encoding="UTF-8"?>
<!-- Generated by org.testng.reporters.JUnitReportReporter -->
<testsuite hostname="LTIN511242" failures="0" tests="1" name="SecondApi.addBook" time="3.459" errors="0" timestamp="2024-07-15T10:41:03 IST" skipped="0">
  <testcase classname="SecondApi.addBook" name="adding" time="3.459"/>
  <system-out/>
</testsuite> <!-- SecondApi.addBook -->
